<?xml version="1.0" encoding="UTF-8"?>
<!-- Generated by org.testng.reporters.JUnitXMLReporter -->
<testsuite ignored="0" hostname="DESKTOP-MNDUO7T" failures="0" tests="3" name="Default test" time="16.868" errors="0" timestamp="2024-12-16T15:45:06 IST">
  <testcase classname="tests.TasksTest" name="tc01_addSimpleTask" time="3.973"/>
  <testcase classname="tests.TasksTest" name="tc02_DeleteTask" time="3.475"/>
  <testcase classname="tests.TasksTest" name="tc03_updateTask" time="7.647"/>
</testsuite> <!-- Default test -->
