<?xml version="1.0" encoding="UTF-8"?>
<!-- Generated by org.testng.reporters.JUnitXMLReporter -->
<testsuite ignored="2" hostname="DESKTOP-MNDUO7T" failures="0" tests="1" name="Default test" time="8.447" errors="0" timestamp="2024-12-15T15:10:49 IST">
  <testcase classname="tests.TasksTest" name="tc03_addAndUpdateTask" time="6.771"/>
  <testcase classname="tests.TasksTest" name="tc01_addTask" time="0.0">
    <ignored/>
  </testcase> <!-- tc01_addTask -->
  <testcase classname="tests.TasksTest" name="tc02_deleteExistingTask" time="0.0">
    <ignored/>
  </testcase> <!-- tc02_deleteExistingTask -->
</testsuite> <!-- Default test -->
