<?xml version="1.0" encoding="UTF-8"?>
<testng-results ignored="2" total="3" passed="1" failed="0" skipped="0">
  <reporter-output>
  </reporter-output>
  <suite started-at="2024-12-15T15:10:41 IST" name="Default suite" finished-at="2024-12-15T15:10:49 IST" duration-ms="8447">
    <groups>
    </groups>
    <test started-at="2024-12-15T15:10:41 IST" name="Default test" finished-at="2024-12-15T15:10:49 IST" duration-ms="8447">
      <class name="tests.TasksTest">
        <test-method is-config="true" signature="beforeClass()[pri:0, instance:tests.TasksTest@1f97cf0d]" started-at="2024-12-15T15:10:41 IST" name="beforeClass" finished-at="2024-12-15T15:10:42 IST" duration-ms="1635" status="PASS">
          <reporter-output>
          </reporter-output>
        </test-method> <!-- beforeClass -->
        <test-method signature="tc03_addAndUpdateTask()[pri:0, instance:tests.TasksTest@1f97cf0d]" started-at="2024-12-15T15:10:42 IST" name="tc03_addAndUpdateTask" finished-at="2024-12-15T15:10:49 IST" duration-ms="6771" status="PASS">
          <reporter-output>
          </reporter-output>
        </test-method> <!-- tc03_addAndUpdateTask -->
        <test-method is-config="true" signature="afterClass()[pri:0, instance:tests.TasksTest@1f97cf0d]" started-at="2024-12-15T15:10:49 IST" name="afterClass" finished-at="2024-12-15T15:10:49 IST" duration-ms="1" status="PASS">
          <reporter-output>
          </reporter-output>
        </test-method> <!-- afterClass -->
      </class> <!-- tests.TasksTest -->
    </test> <!-- Default test -->
  </suite> <!-- Default suite -->
</testng-results>
