<?xml version="1.0" encoding="UTF-8"?>
<testng-results ignored="0" total="3" passed="3" failed="0" skipped="0">
  <reporter-output>
  </reporter-output>
  <suite started-at="2024-12-16T15:44:49 IST" name="Default suite" finished-at="2024-12-16T15:45:06 IST" duration-ms="16868">
    <groups>
    </groups>
    <test started-at="2024-12-16T15:44:49 IST" name="Default test" finished-at="2024-12-16T15:45:06 IST" duration-ms="16868">
      <class name="tests.TasksTest">
        <test-method is-config="true" signature="beforeClass()[pri:0, instance:tests.TasksTest@6a370f4]" started-at="2024-12-16T15:44:49 IST" name="beforeClass" finished-at="2024-12-16T15:44:51 IST" duration-ms="1727" status="PASS">
          <reporter-output>
          </reporter-output>
        </test-method> <!-- beforeClass -->
        <test-method signature="tc01_addSimpleTask()[pri:0, instance:tests.TasksTest@6a370f4]" started-at="2024-12-16T15:44:51 IST" name="tc01_addSimpleTask" finished-at="2024-12-16T15:44:55 IST" duration-ms="3973" status="PASS">
          <reporter-output>
          </reporter-output>
        </test-method> <!-- tc01_addSimpleTask -->
        <test-method signature="tc02_DeleteTask()[pri:0, instance:tests.TasksTest@6a370f4]" started-at="2024-12-16T15:44:55 IST" name="tc02_DeleteTask" finished-at="2024-12-16T15:44:58 IST" duration-ms="3475" status="PASS">
          <reporter-output>
          </reporter-output>
        </test-method> <!-- tc02_DeleteTask -->
        <test-method signature="tc03_updateTask()[pri:0, instance:tests.TasksTest@6a370f4]" started-at="2024-12-16T15:44:58 IST" name="tc03_updateTask" finished-at="2024-12-16T15:45:06 IST" duration-ms="7647" status="PASS">
          <reporter-output>
          </reporter-output>
        </test-method> <!-- tc03_updateTask -->
        <test-method is-config="true" signature="afterClass()[pri:0, instance:tests.TasksTest@6a370f4]" started-at="2024-12-16T15:45:06 IST" name="afterClass" finished-at="2024-12-16T15:45:06 IST" duration-ms="0" status="PASS">
          <reporter-output>
          </reporter-output>
        </test-method> <!-- afterClass -->
      </class> <!-- tests.TasksTest -->
    </test> <!-- Default test -->
  </suite> <!-- Default suite -->
</testng-results>
